<?xml version="1.0" encoding="UTF-8"?>
<!-- Generated by org.testng.reporters.JUnitReportReporter -->
<testsuite hostname="DESKTOP-OLMI7T4" failures="0" tests="1" name="demo.LoginPage" time="11.862" errors="0" timestamp="2024-11-01T02:17:41 WAT" skipped="0">
  <testcase classname="demo.LoginPage" name="logindetil" time="11.862"/>
  <system-out/>
</testsuite> <!-- demo.LoginPage -->
